生成启动时间为 2023/7/14 10:39:19。
     1>项目“C:\Users\z丁7\Desktop\c语言代码\test_7.14\test_7.14\test_7.14.vcxproj”在节点 2 上(ClCompile 个目标)。
     1>ClCompile:
         d:\BaiduNetdiskDownload\VC\bin\CL.exe /c /ZI /nologo /W3 /WX- /Od /Oy- /D _MBCS /Gm /EHsc /RTC1 /MDd /GS /fp:precise /Zc:wchar_t /Zc:forScope /Fo"Debug\\" /Fd"Debug\vc100.pdb" /Gd /TC /analyze- /errorReport:prompt main.c
         main.c
     1>c:\users\z丁7\desktop\c语言代码\test_7.14\test_7.14\main.c(11): error C3872: “0xa0”: 此字符不允许在标识符中使用
     1>c:\users\z丁7\desktop\c语言代码\test_7.14\test_7.14\main.c(11): error C3872: “0xa0”: 此字符不允许在标识符中使用
     1>c:\users\z丁7\desktop\c语言代码\test_7.14\test_7.14\main.c(11): error C2065: “ ”: 未声明的标识符
     1>c:\users\z丁7\desktop\c语言代码\test_7.14\test_7.14\main.c(11): error C2146: 语法错误: 缺少“;”(在标识符“ ”的前面)
     1>c:\users\z丁7\desktop\c语言代码\test_7.14\test_7.14\main.c(11): error C3872: “0xa0”: 此字符不允许在标识符中使用
     1>c:\users\z丁7\desktop\c语言代码\test_7.14\test_7.14\main.c(11): error C2065: “ ”: 未声明的标识符
     1>c:\users\z丁7\desktop\c语言代码\test_7.14\test_7.14\main.c(11): error C2146: 语法错误: 缺少“;”(在标识符“ ”的前面)
     1>c:\users\z丁7\desktop\c语言代码\test_7.14\test_7.14\main.c(18): error C2065: “ ”: 未声明的标识符
     1>c:\users\z丁7\desktop\c语言代码\test_7.14\test_7.14\main.c(18): error C2143: 语法错误 : 缺少“;”(在“return”的前面)
     1>已完成生成项目“C:\Users\z丁7\Desktop\c语言代码\test_7.14\test_7.14\test_7.14.vcxproj”(ClCompile 个目标)的操作 - 失败。

生成失败。

已用时间 00:00:00.09
